<?xml version="1.0" encoding="UTF-8"?>
<testng-results skipped="0" failed="0" ignored="0" total="1" passed="1">
  <reporter-output>
  </reporter-output>
  <suite name="Shoppers Stop Suite" duration-ms="21173" started-at="2021-02-19T11:46:52 IST" finished-at="2021-02-19T11:47:13 IST">
    <groups>
      <group name="cucumber">
        <method signature="AbstractTestNGCucumberTests.feature(cucumber.api.testng.CucumberFeatureWrapper)[pri:0, instance:runner.SSrunner@7a1ebcd8]" name="feature" class="cucumber.api.testng.AbstractTestNGCucumberTests"/>
      </group> <!-- cucumber -->
    </groups>
    <test name="Shoppers Stop" duration-ms="21173" started-at="2021-02-19T11:46:52 IST" finished-at="2021-02-19T11:47:13 IST">
      <class name="base.SSbase">
        <test-method status="PASS" signature="initialize()[pri:0, instance:base.SSbase@34cd072c]" name="initialize" is-config="true" duration-ms="6176" started-at="2021-02-19T11:46:46 IST" finished-at="2021-02-19T11:46:52 IST">
          <reporter-output>
          </reporter-output>
        </test-method> <!-- initialize -->
      </class> <!-- base.SSbase -->
      <class name="runner.SSrunner">
        <test-method status="PASS" signature="setUpClass()[pri:0, instance:runner.SSrunner@7a1ebcd8]" name="setUpClass" is-config="true" duration-ms="595" started-at="2021-02-19T11:46:52 IST" finished-at="2021-02-19T11:46:52 IST">
          <reporter-output>
          </reporter-output>
        </test-method> <!-- setUpClass -->
        <test-method status="PASS" signature="feature(cucumber.api.testng.CucumberFeatureWrapper)[pri:0, instance:runner.SSrunner@7a1ebcd8]" name="feature" duration-ms="20225" started-at="2021-02-19T11:46:53 IST" description="Runs Cucumber Feature" data-provider="features" finished-at="2021-02-19T11:47:13 IST">
          <params>
            <param index="0">
              <value>
                <![CDATA[Products]]>
              </value>
            </param>
          </params>
          <reporter-output>
          </reporter-output>
        </test-method> <!-- feature -->
        <test-method status="PASS" signature="tearDownClass()[pri:0, instance:runner.SSrunner@7a1ebcd8]" name="tearDownClass" is-config="true" duration-ms="7" started-at="2021-02-19T11:47:13 IST" finished-at="2021-02-19T11:47:13 IST">
          <reporter-output>
          </reporter-output>
        </test-method> <!-- tearDownClass -->
      </class> <!-- runner.SSrunner -->
    </test> <!-- Shoppers Stop -->
  </suite> <!-- Shoppers Stop Suite -->
</testng-results>
