<?xml version="1.0" encoding="UTF-8"?>
<testng-results skipped="0" failed="0" ignored="0" total="1" passed="1">
  <reporter-output>
  </reporter-output>
  <suite name="Shoppers Stop Suite" duration-ms="21367" started-at="2021-02-22T13:53:03 IST" finished-at="2021-02-22T13:53:24 IST">
    <groups>
      <group name="cucumber">
        <method signature="AbstractTestNGCucumberTests.feature(cucumber.api.testng.CucumberFeatureWrapper)[pri:0, instance:runner.SSrunner@5faeada1]" name="feature" class="cucumber.api.testng.AbstractTestNGCucumberTests"/>
      </group> <!-- cucumber -->
    </groups>
    <test name="Shoppers Stop" duration-ms="21367" started-at="2021-02-22T13:53:03 IST" finished-at="2021-02-22T13:53:24 IST">
      <class name="base.SSbase">
        <test-method status="PASS" signature="initialize()[pri:0, instance:base.SSbase@7a1ebcd8]" name="initialize" is-config="true" duration-ms="5446" started-at="2021-02-22T13:52:57 IST" finished-at="2021-02-22T13:53:03 IST">
          <reporter-output>
          </reporter-output>
        </test-method> <!-- initialize -->
        <test-method status="PASS" signature="aftermethod()[pri:0, instance:base.SSbase@7a1ebcd8]" name="aftermethod" is-config="true" duration-ms="1679" started-at="2021-02-22T13:53:24 IST" finished-at="2021-02-22T13:53:26 IST">
          <reporter-output>
          </reporter-output>
        </test-method> <!-- aftermethod -->
      </class> <!-- base.SSbase -->
      <class name="runner.SSrunner">
        <test-method status="PASS" signature="setUpClass()[pri:0, instance:runner.SSrunner@5faeada1]" name="setUpClass" is-config="true" duration-ms="486" started-at="2021-02-22T13:53:03 IST" finished-at="2021-02-22T13:53:03 IST">
          <reporter-output>
          </reporter-output>
        </test-method> <!-- setUpClass -->
        <test-method status="PASS" signature="feature(cucumber.api.testng.CucumberFeatureWrapper)[pri:0, instance:runner.SSrunner@5faeada1]" name="feature" duration-ms="20626" started-at="2021-02-22T13:53:04 IST" description="Runs Cucumber Feature" data-provider="features" finished-at="2021-02-22T13:53:24 IST">
          <params>
            <param index="0">
              <value>
                <![CDATA[Products]]>
              </value>
            </param>
          </params>
          <reporter-output>
          </reporter-output>
        </test-method> <!-- feature -->
        <test-method status="PASS" signature="tearDownClass()[pri:0, instance:runner.SSrunner@5faeada1]" name="tearDownClass" is-config="true" duration-ms="5" started-at="2021-02-22T13:53:24 IST" finished-at="2021-02-22T13:53:24 IST">
          <reporter-output>
          </reporter-output>
        </test-method> <!-- tearDownClass -->
      </class> <!-- runner.SSrunner -->
    </test> <!-- Shoppers Stop -->
  </suite> <!-- Shoppers Stop Suite -->
</testng-results>
