<?xml version="1.0" encoding="UTF-8"?>
<testng-results skipped="0" failed="0" ignored="0" total="1" passed="1">
  <reporter-output>
  </reporter-output>
  <suite name="beautySuite" duration-ms="10618" started-at="2021-02-19T11:32:16 IST" finished-at="2021-02-19T11:32:26 IST">
    <groups>
      <group name="cucumber">
        <method signature="AbstractTestNGCucumberTests.feature(cucumber.api.testng.CucumberFeatureWrapper)[pri:0, instance:testRunner.BeautyRunner@5faeada1]" name="feature" class="cucumber.api.testng.AbstractTestNGCucumberTests"/>
      </group> <!-- cucumber -->
    </groups>
    <test name="beautyTest" duration-ms="10618" started-at="2021-02-19T11:32:16 IST" finished-at="2021-02-19T11:32:26 IST">
      <class name="testRunner.BeautyRunner">
        <test-method status="PASS" signature="setUpClass()[pri:0, instance:testRunner.BeautyRunner@5faeada1]" name="setUpClass" is-config="true" duration-ms="411" started-at="2021-02-19T11:32:16 IST" finished-at="2021-02-19T11:32:16 IST">
          <reporter-output>
          </reporter-output>
        </test-method> <!-- setUpClass -->
        <test-method status="PASS" signature="feature(cucumber.api.testng.CucumberFeatureWrapper)[pri:0, instance:testRunner.BeautyRunner@5faeada1]" name="feature" duration-ms="10017" started-at="2021-02-19T11:32:16 IST" description="Runs Cucumber Feature" data-provider="features" finished-at="2021-02-19T11:32:26 IST">
          <params>
            <param index="0">
              <value>
                <![CDATA[Beauty Page]]>
              </value>
            </param>
          </params>
          <reporter-output>
          </reporter-output>
        </test-method> <!-- feature -->
        <test-method status="PASS" signature="tearDownClass()[pri:0, instance:testRunner.BeautyRunner@5faeada1]" name="tearDownClass" is-config="true" duration-ms="5" started-at="2021-02-19T11:32:26 IST" finished-at="2021-02-19T11:32:26 IST">
          <reporter-output>
          </reporter-output>
        </test-method> <!-- tearDownClass -->
      </class> <!-- testRunner.BeautyRunner -->
      <class name="base.BeautyBase">
        <test-method status="PASS" signature="initialze()[pri:0, instance:base.BeautyBase@7a1ebcd8]" name="initialze" is-config="true" duration-ms="4132" started-at="2021-02-19T11:32:12 IST" finished-at="2021-02-19T11:32:16 IST">
          <reporter-output>
          </reporter-output>
        </test-method> <!-- initialze -->
        <test-method status="PASS" signature="teardown()[pri:0, instance:base.BeautyBase@7a1ebcd8]" name="teardown" is-config="true" duration-ms="1434" started-at="2021-02-19T11:32:27 IST" finished-at="2021-02-19T11:32:28 IST">
          <reporter-output>
          </reporter-output>
        </test-method> <!-- teardown -->
      </class> <!-- base.BeautyBase -->
    </test> <!-- beautyTest -->
  </suite> <!-- beautySuite -->
</testng-results>
